<?xml version="1.0" encoding="UTF-8"?>
<!-- Generated by org.testng.reporters.JUnitReportReporter -->
<testsuite hostname="WINDOWS-H3GU2VF" failures="0" tests="1" name="restAPI.APITest" time="2.216" errors="0" timestamp="2024-05-23T15:24:16 EDT" skipped="0">
  <testcase classname="restAPI.APITest" name="testAPI_02" time="2.216"/>
</testsuite> <!-- restAPI.APITest -->
