<?xml version="1.0" encoding="UTF-8"?>
<!-- Generated by org.testng.reporters.JUnitReportReporter -->
<testsuite hostname="WINDOWS-H3GU2VF" failures="0" tests="2" name="restAPI.APITest_POST" time="2.238" errors="0" timestamp="2024-05-23T15:10:48 EDT" skipped="0">
  <testcase classname="restAPI.APITest_POST" name="put" time="0.435"/>
  <testcase classname="restAPI.APITest_POST" name="post" time="1.803"/>
</testsuite> <!-- restAPI.APITest_POST -->
