<?xml version="1.0" encoding="UTF-8"?>
<!-- Generated by org.testng.reporters.JUnitReportReporter -->
<testsuite hostname="WINDOWS-H3GU2VF" failures="0" tests="4" name="RunCucumberTest" time="3.736" errors="0" timestamp="2024-06-07T08:50:47 EDT" skipped="0">
  <testcase classname="RunCucumberTest" name="runScenario" time="0.275"/>
  <testcase classname="RunCucumberTest" name="runScenario" time="2.730"/>
  <testcase classname="RunCucumberTest" name="runScenario" time="0.412"/>
  <testcase classname="RunCucumberTest" name="runScenario" time="0.319"/>
</testsuite> <!-- RunCucumberTest -->
