<?xml version="1.0" encoding="UTF-8"?>
<!-- Generated by org.testng.reporters.JUnitReportReporter -->
<testsuite hostname="WINDOWS-H3GU2VF" failures="0" tests="1" name="com.bar.restapitest.RestAPITestGET" time="2.499" errors="0" timestamp="2024-05-27T17:47:59 EDT" skipped="0">
  <testcase classname="com.bar.restapitest.RestAPITestGET" name="testAPI" time="2.499"/>
</testsuite> <!-- com.bar.restapitest.RestAPITestGET -->
