<?xml version="1.0" encoding="UTF-8"?>
<!-- Generated by org.testng.reporters.JUnitReportReporter -->
<testsuite hostname="WINDOWS-H3GU2VF" failures="0" tests="1" name="com.bar.restapitest.RestAPITestPOST" time="2.579" errors="0" timestamp="2024-05-27T16:46:07 EDT" skipped="0">
  <testcase classname="com.bar.restapitest.RestAPITestPOST" name="postTest" time="2.579"/>
</testsuite> <!-- com.bar.restapitest.RestAPITestPOST -->
