<?xml version="1.0" encoding="UTF-8"?>
<!-- Generated by org.testng.reporters.JUnitReportReporter -->
<testsuite hostname="WINDOWS-H3GU2VF" failures="0" tests="1" name="com.bar.restapitest.NegativeTests" time="2.276" errors="0" timestamp="2024-05-27T11:13:44 EDT" skipped="0">
  <testcase classname="com.bar.restapitest.NegativeTests" name="NegativeTests" time="2.276"/>
</testsuite> <!-- com.bar.restapitest.NegativeTests -->
