<?xml version="1.0" encoding="UTF-8"?>
<!-- Generated by org.testng.reporters.JUnitReportReporter -->
<testsuite hostname="WINDOWS-H3GU2VF" failures="0" tests="3" name="com.bar.restapitest.RestAPITestGET" time="3.076" errors="0" timestamp="2024-05-26T18:46:24 EDT" skipped="0">
  <testcase classname="com.bar.restapitest.RestAPITestGET" name="testWithDifferentUserIds" time="0.149"/>
  <testcase classname="com.bar.restapitest.RestAPITestGET" name="testAPI" time="2.761"/>
  <testcase classname="com.bar.restapitest.RestAPITestGET" name="testWithDifferentUserIds" time="0.166"/>
</testsuite> <!-- com.bar.restapitest.RestAPITestGET -->
